{"message":"duplicate key value violates unique constraint \"patient_pkey\"","stack":"error: duplicate key value violates unique constraint \"patient_pkey\"\n    at Connection.parseE (C:\\Users\\chandukasamarasinghe\\Desktop\\aws_key\\sampleBackend\\node_modules\\pg\\lib\\connection.js:614:13)\n    at Connection.parseMessage (C:\\Users\\chandukasamarasinghe\\Desktop\\aws_key\\sampleBackend\\node_modules\\pg\\lib\\connection.js:413:19)\n    at Socket.<anonymous> (C:\\Users\\chandukasamarasinghe\\Desktop\\aws_key\\sampleBackend\\node_modules\\pg\\lib\\connection.js:129:22)\n    at Socket.emit (events.js:321:20)\n    at addChunk (_stream_readable.js:294:12)\n    at readableAddChunk (_stream_readable.js:275:11)\n    at Socket.Readable.push (_stream_readable.js:209:10)\n    at TCP.onStreamRead (internal/stream_base_commons.js:186:23)","name":"error","length":265,"severity":"ERROR","code":"23505","detail":"Key (id)=(960201965v) already exists.","schema":"public","table":"patient","constraint":"patient_pkey","file":"d:\\pginstaller_12.auto\\postgres.windows-x64\\src\\backend\\access\\nbtree\\nbtinsert.c","line":"570","routine":"_bt_check_unique","level":"error","timestamp":"2020-10-18T04:01:30.074Z"}
{"message":"duplicate key value violates unique constraint \"patient_pkey\"","stack":"error: duplicate key value violates unique constraint \"patient_pkey\"\n    at Connection.parseE (C:\\Users\\chandukasamarasinghe\\Desktop\\aws_key\\sampleBackend\\node_modules\\pg\\lib\\connection.js:614:13)\n    at Connection.parseMessage (C:\\Users\\chandukasamarasinghe\\Desktop\\aws_key\\sampleBackend\\node_modules\\pg\\lib\\connection.js:413:19)\n    at Socket.<anonymous> (C:\\Users\\chandukasamarasinghe\\Desktop\\aws_key\\sampleBackend\\node_modules\\pg\\lib\\connection.js:129:22)\n    at Socket.emit (events.js:321:20)\n    at addChunk (_stream_readable.js:294:12)\n    at readableAddChunk (_stream_readable.js:275:11)\n    at Socket.Readable.push (_stream_readable.js:209:10)\n    at TCP.onStreamRead (internal/stream_base_commons.js:186:23)","name":"error","length":265,"severity":"ERROR","code":"23505","detail":"Key (id)=(960201965v) already exists.","schema":"public","table":"patient","constraint":"patient_pkey","file":"d:\\pginstaller_12.auto\\postgres.windows-x64\\src\\backend\\access\\nbtree\\nbtinsert.c","line":"570","routine":"_bt_check_unique","level":"error","timestamp":"2020-10-18T04:36:49.834Z"}
{"message":"duplicate key value violates unique constraint \"patient_pkey\"","stack":"error: duplicate key value violates unique constraint \"patient_pkey\"\n    at Connection.parseE (C:\\Users\\chandukasamarasinghe\\Desktop\\aws_key\\sampleBackend\\node_modules\\pg\\lib\\connection.js:614:13)\n    at Connection.parseMessage (C:\\Users\\chandukasamarasinghe\\Desktop\\aws_key\\sampleBackend\\node_modules\\pg\\lib\\connection.js:413:19)\n    at Socket.<anonymous> (C:\\Users\\chandukasamarasinghe\\Desktop\\aws_key\\sampleBackend\\node_modules\\pg\\lib\\connection.js:129:22)\n    at Socket.emit (events.js:321:20)\n    at addChunk (_stream_readable.js:294:12)\n    at readableAddChunk (_stream_readable.js:275:11)\n    at Socket.Readable.push (_stream_readable.js:209:10)\n    at TCP.onStreamRead (internal/stream_base_commons.js:186:23)","name":"error","length":265,"severity":"ERROR","code":"23505","detail":"Key (id)=(960201965v) already exists.","schema":"public","table":"patient","constraint":"patient_pkey","file":"d:\\pginstaller_12.auto\\postgres.windows-x64\\src\\backend\\access\\nbtree\\nbtinsert.c","line":"570","routine":"_bt_check_unique","level":"error","timestamp":"2020-10-18T07:27:32.451Z"}
{"level":"info","message":"listining on 3000...","timestamp":"2020-10-18T08:15:38.912Z"}
{"level":"info","message":"listining on 3000...","timestamp":"2020-10-18T08:16:01.001Z"}
{"message":"Please upload a file","stack":"Error: Please upload a file\n    at C:\\Users\\chandukasamarasinghe\\Desktop\\aws_key\\sampleBackend\\routes\\Patients.js:64:19\n    at newFn (C:\\Users\\chandukasamarasinghe\\Desktop\\aws_key\\sampleBackend\\node_modules\\express-async-errors\\index.js:16:20)\n    at Layer.handle [as handle_request] (C:\\Users\\chandukasamarasinghe\\Desktop\\aws_key\\sampleBackend\\node_modules\\express\\lib\\router\\layer.js:95:5)\n    at next (C:\\Users\\chandukasamarasinghe\\Desktop\\aws_key\\sampleBackend\\node_modules\\express\\lib\\router\\route.js:137:13)\n    at multerMiddleware (C:\\Users\\chandukasamarasinghe\\Desktop\\aws_key\\sampleBackend\\node_modules\\multer\\lib\\make-middleware.js:18:41)\n    at newFn (C:\\Users\\chandukasamarasinghe\\Desktop\\aws_key\\sampleBackend\\node_modules\\express-async-errors\\index.js:16:20)\n    at Layer.handle [as handle_request] (C:\\Users\\chandukasamarasinghe\\Desktop\\aws_key\\sampleBackend\\node_modules\\express\\lib\\router\\layer.js:95:5)\n    at next (C:\\Users\\chandukasamarasinghe\\Desktop\\aws_key\\sampleBackend\\node_modules\\express\\lib\\router\\route.js:137:13)\n    at Route.dispatch (C:\\Users\\chandukasamarasinghe\\Desktop\\aws_key\\sampleBackend\\node_modules\\express\\lib\\router\\route.js:112:3)\n    at newFn (C:\\Users\\chandukasamarasinghe\\Desktop\\aws_key\\sampleBackend\\node_modules\\express-async-errors\\index.js:16:20)","httpStatusCode":400,"level":"error","timestamp":"2020-10-18T08:17:07.891Z"}
{"level":"info","message":"listining on 3000...","timestamp":"2020-10-18T08:17:28.936Z"}
{"message":"Please upload a file","stack":"Error: Please upload a file\n    at C:\\Users\\chandukasamarasinghe\\Desktop\\aws_key\\sampleBackend\\routes\\Patients.js:64:19\n    at newFn (C:\\Users\\chandukasamarasinghe\\Desktop\\aws_key\\sampleBackend\\node_modules\\express-async-errors\\index.js:16:20)\n    at Layer.handle [as handle_request] (C:\\Users\\chandukasamarasinghe\\Desktop\\aws_key\\sampleBackend\\node_modules\\express\\lib\\router\\layer.js:95:5)\n    at next (C:\\Users\\chandukasamarasinghe\\Desktop\\aws_key\\sampleBackend\\node_modules\\express\\lib\\router\\route.js:137:13)\n    at multerMiddleware (C:\\Users\\chandukasamarasinghe\\Desktop\\aws_key\\sampleBackend\\node_modules\\multer\\lib\\make-middleware.js:18:41)\n    at newFn (C:\\Users\\chandukasamarasinghe\\Desktop\\aws_key\\sampleBackend\\node_modules\\express-async-errors\\index.js:16:20)\n    at Layer.handle [as handle_request] (C:\\Users\\chandukasamarasinghe\\Desktop\\aws_key\\sampleBackend\\node_modules\\express\\lib\\router\\layer.js:95:5)\n    at next (C:\\Users\\chandukasamarasinghe\\Desktop\\aws_key\\sampleBackend\\node_modules\\express\\lib\\router\\route.js:137:13)\n    at Route.dispatch (C:\\Users\\chandukasamarasinghe\\Desktop\\aws_key\\sampleBackend\\node_modules\\express\\lib\\router\\route.js:112:3)\n    at newFn (C:\\Users\\chandukasamarasinghe\\Desktop\\aws_key\\sampleBackend\\node_modules\\express-async-errors\\index.js:16:20)","httpStatusCode":400,"level":"error","timestamp":"2020-10-18T08:17:33.904Z"}
{"level":"info","message":"listining on 3000...","timestamp":"2020-10-18T08:17:49.297Z"}
{"level":"info","message":"listining on 3000...","timestamp":"2020-10-18T08:18:27.118Z"}
{"level":"info","message":"listining on 3000...","timestamp":"2020-10-18T08:21:36.885Z"}
{"level":"info","message":"listining on 3000...","timestamp":"2020-10-18T08:22:13.004Z"}
{"level":"info","message":"listining on 3000...","timestamp":"2020-10-18T08:22:48.763Z"}
{"level":"info","message":"listining on 3000...","timestamp":"2020-10-18T08:23:05.625Z"}
{"level":"info","message":"listining on 3000...","timestamp":"2020-10-18T08:24:41.666Z"}
{"level":"info","message":"listining on 3000...","timestamp":"2020-10-18T08:24:53.431Z"}
{"level":"info","message":"listining on 3000...","timestamp":"2020-10-18T08:25:38.932Z"}
{"level":"info","message":"listining on 3000...","timestamp":"2020-10-18T12:19:28.468Z"}
{"level":"info","message":"listining on 3000...","timestamp":"2020-10-18T12:20:49.460Z"}
{"level":"info","message":"listining on 3000...","timestamp":"2020-10-18T12:22:15.730Z"}
{"level":"info","message":"listining on 3000...","timestamp":"2020-10-18T12:22:17.840Z"}
{"level":"info","message":"listining on 3000...","timestamp":"2020-10-18T12:24:08.889Z"}
{"level":"info","message":"listining on 3000...","timestamp":"2020-10-18T12:27:50.418Z"}
{"level":"info","message":"listining on 3000...","timestamp":"2020-10-18T12:31:48.097Z"}
{"level":"info","message":"listining on 3000...","timestamp":"2020-10-18T14:47:15.031Z"}
{"level":"info","message":"listining on 3000...","timestamp":"2020-10-18T17:25:01.209Z"}
{"level":"info","message":"listining on 3000...","timestamp":"2020-10-18T17:35:53.820Z"}
{"level":"info","message":"listining on 3000...","timestamp":"2020-10-19T09:11:24.432Z"}
{"level":"info","message":"listining on 3000...","timestamp":"2020-10-19T12:43:47.689Z"}
{"level":"info","message":"listining on 3000...","timestamp":"2020-10-19T12:54:25.223Z"}
{"level":"info","message":"listining on 3000...","timestamp":"2020-10-19T13:05:29.441Z"}
{"level":"info","message":"listining on 3000...","timestamp":"2020-10-19T15:35:12.540Z"}
{"level":"info","message":"listining on 3000...","timestamp":"2020-10-19T16:52:02.817Z"}
{"level":"info","message":"listining on 3000...","timestamp":"2020-10-20T03:57:52.869Z"}
{"level":"info","message":"listining on 3000...","timestamp":"2020-10-20T05:00:03.642Z"}
{"level":"info","message":"listining on 3000...","timestamp":"2020-10-20T05:00:44.489Z"}
{"level":"info","message":"listining on 3000...","timestamp":"2020-10-20T05:01:56.687Z"}
{"level":"info","message":"listining on 3000...","timestamp":"2020-10-20T05:18:33.865Z"}
{"level":"info","message":"listining on 3000...","timestamp":"2020-10-20T05:33:12.606Z"}
{"level":"info","message":"listining on 3000...","timestamp":"2020-10-20T06:24:45.402Z"}
{"level":"info","message":"listining on 3000...","timestamp":"2020-10-20T06:25:22.054Z"}
{"level":"info","message":"listining on 3000...","timestamp":"2020-10-20T09:05:19.808Z"}
{"level":"info","message":"listining on 3000...","timestamp":"2020-10-23T14:13:45.803Z"}
{"level":"info","message":"listining on 3000...","timestamp":"2020-10-23T14:14:56.517Z"}
{"message":"Cannot read property 'forEach' of undefined","stack":"TypeError: Cannot read property 'forEach' of undefined\n    at C:\\Users\\chandukasamarasinghe\\Desktop\\aws_key\\sampleBackend\\routes\\Patients.js:24:18\n    at newFn (C:\\Users\\chandukasamarasinghe\\Desktop\\aws_key\\sampleBackend\\node_modules\\express-async-errors\\index.js:16:20)\n    at Layer.handle [as handle_request] (C:\\Users\\chandukasamarasinghe\\Desktop\\aws_key\\sampleBackend\\node_modules\\express\\lib\\router\\layer.js:95:5)\n    at next (C:\\Users\\chandukasamarasinghe\\Desktop\\aws_key\\sampleBackend\\node_modules\\express\\lib\\router\\route.js:137:13)\n    at Route.dispatch (C:\\Users\\chandukasamarasinghe\\Desktop\\aws_key\\sampleBackend\\node_modules\\express\\lib\\router\\route.js:112:3)\n    at newFn (C:\\Users\\chandukasamarasinghe\\Desktop\\aws_key\\sampleBackend\\node_modules\\express-async-errors\\index.js:16:20)\n    at Layer.handle [as handle_request] (C:\\Users\\chandukasamarasinghe\\Desktop\\aws_key\\sampleBackend\\node_modules\\express\\lib\\router\\layer.js:95:5)\n    at C:\\Users\\chandukasamarasinghe\\Desktop\\aws_key\\sampleBackend\\node_modules\\express\\lib\\router\\index.js:281:22\n    at Function.process_params (C:\\Users\\chandukasamarasinghe\\Desktop\\aws_key\\sampleBackend\\node_modules\\express\\lib\\router\\index.js:335:12)\n    at next (C:\\Users\\chandukasamarasinghe\\Desktop\\aws_key\\sampleBackend\\node_modules\\express\\lib\\router\\index.js:275:10)","level":"error","timestamp":"2020-10-23T14:15:02.054Z"}
{"level":"info","message":"listining on 3000...","timestamp":"2020-10-23T14:15:21.025Z"}
{"level":"info","message":"listining on 3000...","timestamp":"2020-10-23T14:20:58.002Z"}
{"level":"info","message":"listining on 3000...","timestamp":"2020-10-23T14:21:48.650Z"}
{"level":"info","message":"listining on 3000...","timestamp":"2020-10-23T14:23:30.691Z"}
{"level":"info","message":"listining on 3000...","timestamp":"2020-10-23T14:23:58.151Z"}
{"level":"info","message":"listining on 3000...","timestamp":"2020-10-23T14:25:33.606Z"}
{"level":"info","message":"listining on 3000...","timestamp":"2020-10-23T14:30:13.609Z"}
{"level":"info","message":"listining on 3000...","timestamp":"2020-10-23T14:33:07.311Z"}
{"level":"info","message":"listining on 3000...","timestamp":"2020-10-23T14:34:12.098Z"}
{"level":"info","message":"listining on 3000...","timestamp":"2020-10-23T14:43:59.176Z"}
{"level":"info","message":"listining on 3000...","timestamp":"2020-10-23T14:55:31.098Z"}
{"level":"info","message":"listining on 3000...","timestamp":"2020-10-23T15:05:39.273Z"}
{"level":"info","message":"listining on 3000...","timestamp":"2020-10-23T15:06:12.016Z"}
{"level":"info","message":"listining on 3000...","timestamp":"2020-10-23T15:06:31.876Z"}
{"level":"info","message":"listining on 3000...","timestamp":"2020-10-23T15:06:38.543Z"}
{"level":"info","message":"listining on 3000...","timestamp":"2020-10-23T15:08:01.583Z"}
{"level":"info","message":"listining on 3000...","timestamp":"2020-10-23T15:15:42.128Z"}
{"level":"info","message":"listining on 3000...","timestamp":"2020-10-23T15:22:30.003Z"}
{"level":"info","message":"listining on 3000...","timestamp":"2020-10-23T15:36:09.893Z"}
{"level":"info","message":"listining on 3000...","timestamp":"2020-10-23T15:37:04.279Z"}
{"level":"info","message":"listining on 3000...","timestamp":"2020-10-23T15:37:20.238Z"}
{"level":"info","message":"listining on 3000...","timestamp":"2020-10-23T15:37:22.098Z"}
{"level":"info","message":"listining on 3000...","timestamp":"2020-10-23T15:37:24.927Z"}
{"level":"info","message":"listining on 3000...","timestamp":"2020-10-23T15:38:51.770Z"}
{"level":"info","message":"listining on 3000...","timestamp":"2020-10-23T15:38:56.507Z"}
{"level":"info","message":"listining on 3000...","timestamp":"2020-10-23T15:40:11.048Z"}
{"level":"info","message":"listining on 3000...","timestamp":"2020-10-23T15:47:16.040Z"}
{"level":"info","message":"listining on 3000...","timestamp":"2020-10-23T15:47:40.896Z"}
{"level":"info","message":"listining on 3000...","timestamp":"2020-10-23T15:51:40.033Z"}
{"level":"info","message":"listining on 3000...","timestamp":"2020-10-23T15:52:05.779Z"}
{"level":"info","message":"listining on 3000...","timestamp":"2020-10-23T15:54:35.146Z"}
{"level":"info","message":"listining on 3000...","timestamp":"2020-10-23T15:54:56.995Z"}
{"level":"info","message":"listining on 3000...","timestamp":"2020-10-23T16:06:33.013Z"}
{"level":"info","message":"listining on 3000...","timestamp":"2020-10-23T16:06:58.991Z"}
{"level":"info","message":"listining on 3000...","timestamp":"2020-10-23T16:07:40.411Z"}
{"level":"info","message":"listining on 3000...","timestamp":"2020-10-23T16:08:15.057Z"}
{"level":"info","message":"listining on 3000...","timestamp":"2020-10-23T16:09:22.318Z"}
{"level":"info","message":"listining on 3000...","timestamp":"2020-10-23T16:29:11.639Z"}
{"level":"info","message":"listining on 3000...","timestamp":"2020-10-23T16:30:29.341Z"}
{"level":"info","message":"listining on 3000...","timestamp":"2020-10-23T16:31:06.988Z"}
{"level":"info","message":"listining on 3000...","timestamp":"2020-10-23T16:31:26.697Z"}
{"level":"info","message":"listining on 3000...","timestamp":"2020-10-23T16:32:04.461Z"}
{"level":"info","message":"listining on 3000...","timestamp":"2020-10-23T16:32:44.696Z"}
{"level":"info","message":"listining on 3000...","timestamp":"2020-10-23T16:33:11.613Z"}
{"level":"info","message":"listining on 3000...","timestamp":"2020-10-23T16:33:19.658Z"}
{"level":"info","message":"listining on 3000...","timestamp":"2020-10-23T16:39:30.696Z"}
{"level":"info","message":"listining on 3000...","timestamp":"2020-10-23T16:41:35.252Z"}
{"level":"info","message":"listining on 3000...","timestamp":"2020-10-23T16:42:00.751Z"}
{"level":"info","message":"listining on 3000...","timestamp":"2020-10-23T18:13:29.116Z"}
{"level":"info","message":"listining on 3000...","timestamp":"2020-10-23T18:14:34.895Z"}
{"level":"info","message":"listining on 3000...","timestamp":"2020-10-23T18:16:05.308Z"}
{"level":"info","message":"listining on 3000...","timestamp":"2020-10-23T18:16:08.256Z"}
{"level":"info","message":"listining on 3000...","timestamp":"2020-10-23T18:16:09.520Z"}
{"level":"info","message":"listining on 3000...","timestamp":"2020-10-23T18:17:25.553Z"}
{"level":"info","message":"listining on 3000...","timestamp":"2020-10-23T18:17:48.877Z"}
{"level":"info","message":"listining on 3000...","timestamp":"2020-10-23T18:19:02.994Z"}
{"level":"info","message":"listining on 3000...","timestamp":"2020-10-23T18:21:25.716Z"}
{"level":"info","message":"listining on 3000...","timestamp":"2020-10-23T18:22:55.909Z"}
{"level":"info","message":"listining on 3000...","timestamp":"2020-10-23T18:25:31.993Z"}
{"level":"info","message":"listining on 3000...","timestamp":"2020-10-23T18:28:23.794Z"}
{"level":"info","message":"listining on 3000...","timestamp":"2020-10-23T18:30:08.106Z"}
{"level":"info","message":"listining on 3000...","timestamp":"2020-10-23T18:31:24.100Z"}
{"level":"info","message":"listining on 3000...","timestamp":"2020-10-23T18:31:40.213Z"}
{"level":"info","message":"listining on 3000...","timestamp":"2020-10-23T18:34:48.108Z"}
{"level":"info","message":"listining on 3000...","timestamp":"2020-10-23T18:34:51.023Z"}
{"level":"info","message":"listining on 3000...","timestamp":"2020-10-23T18:35:03.620Z"}
{"level":"info","message":"listining on 3000...","timestamp":"2020-10-23T18:35:31.802Z"}
{"level":"info","message":"listining on 3000...","timestamp":"2020-10-23T18:36:29.847Z"}
{"level":"info","message":"listining on 3000...","timestamp":"2020-10-23T18:39:45.889Z"}
{"level":"info","message":"listining on 3000...","timestamp":"2020-10-23T18:40:41.220Z"}
{"level":"info","message":"listining on 3000...","timestamp":"2020-10-23T18:43:23.113Z"}
{"level":"info","message":"listining on 3000...","timestamp":"2020-10-23T18:44:12.464Z"}
{"message":"validPassword is not defined","stack":"ReferenceError: validPassword is not defined\n    at C:\\Users\\chandukasamarasinghe\\Desktop\\aws_key\\sampleBackend\\routes\\auth.js:41:3\n    at processTicksAndRejections (internal/process/task_queues.js:97:5)","level":"error","timestamp":"2020-10-23T18:44:18.080Z"}
{"level":"info","message":"listining on 3000...","timestamp":"2020-10-23T18:44:29.727Z"}
{"level":"info","message":"listining on 3000...","timestamp":"2020-10-23T18:46:05.598Z"}
{"level":"info","message":"listining on 3000...","timestamp":"2020-10-23T18:49:42.092Z"}
{"level":"info","message":"listining on 3000...","timestamp":"2020-10-23T18:49:49.086Z"}
{"level":"info","message":"listining on 3000...","timestamp":"2020-10-23T18:50:31.191Z"}
{"level":"info","message":"listining on 3000...","timestamp":"2020-10-23T18:52:26.926Z"}
{"level":"info","message":"listining on 3000...","timestamp":"2020-10-23T18:57:06.172Z"}
{"level":"info","message":"listining on 3000...","timestamp":"2020-10-23T18:57:14.526Z"}
{"level":"info","message":"listining on 3000...","timestamp":"2020-10-23T19:00:45.321Z"}
{"level":"info","message":"listining on 3000...","timestamp":"2020-10-23T19:00:46.564Z"}
{"level":"info","message":"listining on 3000...","timestamp":"2020-10-23T19:01:32.188Z"}
{"level":"info","message":"listining on 3000...","timestamp":"2020-10-23T19:01:35.237Z"}
{"level":"info","message":"listining on 3000...","timestamp":"2020-10-23T19:01:36.860Z"}
{"level":"info","message":"listining on 3000...","timestamp":"2020-10-23T19:02:11.392Z"}
{"level":"info","message":"listining on 3000...","timestamp":"2020-10-23T19:02:16.300Z"}
{"level":"info","message":"listining on 3000...","timestamp":"2020-10-23T19:02:18.376Z"}
{"level":"info","message":"listining on 3000...","timestamp":"2020-10-23T19:02:20.372Z"}
{"level":"info","message":"listining on 3000...","timestamp":"2020-10-23T19:03:13.949Z"}
{"level":"info","message":"listining on 3000...","timestamp":"2020-10-23T19:03:51.870Z"}
{"level":"info","message":"listining on 3000...","timestamp":"2020-10-23T19:10:30.923Z"}
{"level":"info","message":"listining on 3000...","timestamp":"2020-10-23T19:12:34.249Z"}
{"level":"info","message":"listining on 3000...","timestamp":"2020-10-23T19:13:39.797Z"}
{"level":"info","message":"listining on 3000...","timestamp":"2020-10-23T19:30:59.005Z"}
{"level":"info","message":"listining on 3000...","timestamp":"2020-10-23T19:31:02.563Z"}
{"level":"info","message":"listining on 3000...","timestamp":"2020-10-23T19:31:05.504Z"}
{"level":"info","message":"listining on 3000...","timestamp":"2020-10-23T19:31:09.338Z"}
{"level":"info","message":"listining on 3000...","timestamp":"2020-10-23T19:31:14.038Z"}
{"level":"info","message":"listining on 3000...","timestamp":"2020-10-23T19:31:17.311Z"}
{"level":"info","message":"listining on 3000...","timestamp":"2020-10-23T19:31:20.813Z"}
{"level":"info","message":"listining on 3000...","timestamp":"2020-10-23T19:31:24.964Z"}
{"level":"info","message":"listining on 3000...","timestamp":"2020-10-23T19:31:28.608Z"}
{"level":"info","message":"listining on 3000...","timestamp":"2020-10-23T19:31:31.854Z"}
{"level":"info","message":"listining on 3000...","timestamp":"2020-10-24T17:10:30.832Z"}
{"level":"info","message":"listining on 3000...","timestamp":"2020-10-24T17:10:42.909Z"}
{"level":"info","message":"listining on 3000...","timestamp":"2020-10-24T17:17:00.971Z"}
{"level":"info","message":"listining on 3000...","timestamp":"2020-10-24T17:21:35.640Z"}
{"level":"info","message":"listining on 3000...","timestamp":"2020-10-24T17:21:38.538Z"}
{"level":"info","message":"listining on 3000...","timestamp":"2020-10-24T17:44:12.988Z"}
{"level":"info","message":"listining on 3000...","timestamp":"2020-10-24T17:45:06.202Z"}
{"level":"info","message":"listining on 3000...","timestamp":"2020-10-24T17:46:07.764Z"}
{"level":"info","message":"listining on 3000...","timestamp":"2020-10-24T17:46:14.100Z"}
{"level":"info","message":"listining on 3000...","timestamp":"2020-10-26T04:39:29.072Z"}
{"level":"info","message":"listining on 3000...","timestamp":"2020-10-26T04:43:09.944Z"}
{"level":"info","message":"listining on 3000...","timestamp":"2020-10-26T04:47:05.387Z"}
{"level":"info","message":"listining on 3000...","timestamp":"2020-10-26T04:49:10.846Z"}
{"level":"info","message":"listining on 3000...","timestamp":"2020-10-26T04:49:28.123Z"}
{"level":"info","message":"listining on 3000...","timestamp":"2020-10-26T04:55:02.484Z"}
{"level":"info","message":"listining on 3000...","timestamp":"2020-10-26T04:55:17.488Z"}
{"level":"info","message":"listining on 3000...","timestamp":"2020-10-26T04:57:10.493Z"}
{"level":"info","message":"listining on 3000...","timestamp":"2020-10-26T04:57:17.225Z"}
{"level":"info","message":"listining on 3000...","timestamp":"2020-10-26T04:57:21.526Z"}
{"level":"info","message":"listining on 3000...","timestamp":"2020-10-26T04:57:29.193Z"}
{"level":"info","message":"listining on 3000...","timestamp":"2020-10-26T04:57:39.319Z"}
{"level":"info","message":"listining on 3000...","timestamp":"2020-10-26T04:57:46.649Z"}
{"level":"info","message":"listining on 3000...","timestamp":"2020-10-26T04:57:58.874Z"}
{"level":"info","message":"listining on 3000...","timestamp":"2020-10-26T04:58:25.286Z"}
{"level":"info","message":"listining on 3000...","timestamp":"2020-10-26T05:01:23.066Z"}
{"level":"info","message":"listining on 3000...","timestamp":"2020-10-26T05:01:43.951Z"}
{"level":"info","message":"listining on 3000...","timestamp":"2020-10-26T05:02:18.117Z"}
{"level":"info","message":"listining on 3000...","timestamp":"2020-10-26T05:03:20.942Z"}
{"level":"info","message":"listining on 3000...","timestamp":"2020-10-26T05:03:54.959Z"}
{"level":"info","message":"listining on 3000...","timestamp":"2020-10-26T05:04:55.777Z"}
{"level":"info","message":"listining on 3000...","timestamp":"2020-10-26T05:06:23.631Z"}
{"level":"info","message":"listining on 3000...","timestamp":"2020-10-26T05:06:31.345Z"}
{"level":"info","message":"listining on 3000...","timestamp":"2020-10-26T05:07:07.473Z"}
{"level":"info","message":"listining on 3000...","timestamp":"2020-10-26T05:15:16.026Z"}
